  pch.cpp
  Main.cpp
  GridFloor.cpp
  Game.cpp
  DeviceResources.cpp
  DebugCamera.cpp
  C/C++ のコード分析を実行しています...
  コードを生成中...
  TitleScene.cpp
  PauseScene.cpp
  GameScene.cpp
  Object.cpp
  ModelObject.cpp
  Move.cpp
  Collider.cpp
  FollowCamera.cpp
  FixCamera.cpp
  C/C++ のコード分析を実行しています...
  コードを生成中...
  SceneManager.cpp
     ライブラリ C:\Users\s192187\Documents\Visual Studio 2015\Projects\学習\Basic2 - 予備\Debug\Basic.lib とオブジェクト C:\Users\s192187\Documents\Visual Studio 2015\Projects\学習\Basic2 - 予備\Debug\Basic.exp を作成中
  Basic.vcxproj -> C:\Users\s192187\Documents\Visual Studio 2015\Projects\学習\Basic2 - 予備\Debug\Basic.exe
  Basic.vcxproj -> C:\Users\s192187\Documents\Visual Studio 2015\Projects\学習\Basic2 - 予備\Debug\Basic.pdb (Full PDB)
c:\program files (x86)\windows kits\10\include\10.0.14393.0\ucrt\stdio.h(1850): warning C28205: 'sprintf_s': _Success_ または _On_failure_ が無効なコンテキスト内で使用されています: _On_failure_ には _Success_ が必要です。
